0 info it worked if it ends with ok
1 verbose cli [ '/usr/local/bin/node',
1 verbose cli   '/usr/local/bin/npm',
1 verbose cli   'install',
1 verbose cli   'node-restful',
1 verbose cli   '--save' ]
2 info using npm@2.14.4
3 info using node@v4.1.2
4 verbose install initial load of /home/ayoub/africannonce/package.json
5 warn package.json AFRIQUE_ANNONCE@0.0.9 No description
6 warn package.json AFRIQUE_ANNONCE@0.0.9 No repository field.
7 warn package.json AFRIQUE_ANNONCE@0.0.9 No license field.
8 verbose installManyTop reading scoped package data from /home/ayoub/africannonce/node_modules/async/package.json
9 verbose installManyTop reading scoped package data from /home/ayoub/africannonce/node_modules/body-parser/package.json
10 verbose installManyTop reading scoped package data from /home/ayoub/africannonce/node_modules/compression/package.json
11 verbose installManyTop reading scoped package data from /home/ayoub/africannonce/node_modules/connect-busboy/package.json
12 verbose installManyTop reading scoped package data from /home/ayoub/africannonce/node_modules/connect-flash/package.json
13 verbose installManyTop reading scoped package data from /home/ayoub/africannonce/node_modules/connect-mongo/package.json
14 verbose installManyTop reading scoped package data from /home/ayoub/africannonce/node_modules/cookie-parser/package.json
15 verbose installManyTop reading scoped package data from /home/ayoub/africannonce/node_modules/ejs/package.json
16 verbose installManyTop reading scoped package data from /home/ayoub/africannonce/node_modules/errorhandler/package.json
17 verbose installManyTop reading scoped package data from /home/ayoub/africannonce/node_modules/express/package.json
18 verbose installManyTop reading scoped package data from /home/ayoub/africannonce/node_modules/express-domain-middleware/package.json
19 verbose installManyTop reading scoped package data from /home/ayoub/africannonce/node_modules/express-fileupload/package.json
20 verbose installManyTop reading scoped package data from /home/ayoub/africannonce/node_modules/express-session/package.json
21 verbose installManyTop reading scoped package data from /home/ayoub/africannonce/node_modules/express-validator/package.json
22 verbose installManyTop reading scoped package data from /home/ayoub/africannonce/node_modules/fs/package.json
23 verbose installManyTop reading scoped package data from /home/ayoub/africannonce/node_modules/helmet/package.json
24 verbose installManyTop reading scoped package data from /home/ayoub/africannonce/node_modules/method-override/package.json
25 verbose installManyTop reading scoped package data from /home/ayoub/africannonce/node_modules/mime/package.json
26 verbose installManyTop reading scoped package data from /home/ayoub/africannonce/node_modules/mongoose/package.json
27 verbose installManyTop reading scoped package data from /home/ayoub/africannonce/node_modules/morgan/package.json
28 verbose installManyTop reading scoped package data from /home/ayoub/africannonce/node_modules/multer/package.json
29 verbose installManyTop reading scoped package data from /home/ayoub/africannonce/node_modules/passport/package.json
30 verbose installManyTop reading scoped package data from /home/ayoub/africannonce/node_modules/passport-facebook/package.json
31 verbose installManyTop reading scoped package data from /home/ayoub/africannonce/node_modules/passport-google-oauth/package.json
32 verbose installManyTop reading scoped package data from /home/ayoub/africannonce/node_modules/passport-local/package.json
33 verbose installManyTop reading scoped package data from /home/ayoub/africannonce/node_modules/passport-twitter/package.json
34 verbose installManyTop reading scoped package data from /home/ayoub/africannonce/node_modules/serve-index/package.json
35 verbose installManyTop reading scoped package data from /home/ayoub/africannonce/node_modules/socket.io/package.json
36 verbose installManyTop reading scoped package data from /home/ayoub/africannonce/node_modules/uid2/package.json
37 info package.json ejs@1.0.0 No license field.
38 info package.json express-fileupload@0.0.2 No license field.
39 info package.json fs@0.0.2 fs is also the name of a node core module.
40 info package.json fs@0.0.2 No description
41 info package.json fs@0.0.2 No repository field.
42 info package.json fs@0.0.2 No README data
43 info package.json connect-flash@0.1.1 No license field.
44 info package.json connect-mongo@0.4.2 No license field.
45 info package.json passport-facebook@1.0.3 No license field.
46 info package.json passport-google-oauth@0.1.5 No license field.
47 info package.json passport-local@1.0.0 No license field.
48 info package.json passport-twitter@1.0.3 No license field.
49 info package.json socket.io@1.1.0 No license field.
50 info package.json uid2@0.0.3 No repository field.
51 info package.json uid2@0.0.3 No license field.
52 info package.json mime@1.3.4 No license field.
53 info package.json mongoose@3.8.36 No license field.
54 info package.json connect-busboy@0.0.2 No license field.
55 verbose readDependencies loading dependencies from /home/ayoub/africannonce/package.json
56 silly cache add args [ 'node-restful', null ]
57 verbose cache add spec node-restful
58 silly cache add parsed spec Result {
58 silly cache add   raw: 'node-restful',
58 silly cache add   scope: null,
58 silly cache add   name: 'node-restful',
58 silly cache add   rawSpec: '',
58 silly cache add   spec: '*',
58 silly cache add   type: 'range' }
59 silly addNamed node-restful@*
60 verbose addNamed "*" is a valid semver range for node-restful
61 silly addNameRange { name: 'node-restful', range: '*', hasData: false }
62 silly mapToRegistry name node-restful
63 silly mapToRegistry using default registry
64 silly mapToRegistry registry https://registry.npmjs.org/
65 silly mapToRegistry uri https://registry.npmjs.org/node-restful
66 verbose addNameRange registry:https://registry.npmjs.org/node-restful not in flight; fetching
67 verbose request uri https://registry.npmjs.org/node-restful
68 verbose request no auth needed
69 info attempt registry request try #1 at 11:10:41
70 verbose request id 6f84d4ce64be996e
71 http request GET https://registry.npmjs.org/node-restful
72 http 200 https://registry.npmjs.org/node-restful
73 silly get cb [ 200,
73 silly get   { server: 'CouchDB/1.5.0 (Erlang OTP/R16B03)',
73 silly get     etag: '"7S6LP5P5ORQ394YT2LHBR4PKJ"',
73 silly get     'content-type': 'application/json',
73 silly get     'cache-control': 'max-age=60',
73 silly get     'content-length': '31107',
73 silly get     'accept-ranges': 'bytes',
73 silly get     date: 'Wed, 11 Nov 2015 11:10:57 GMT',
73 silly get     via: '1.1 varnish',
73 silly get     age: '0',
73 silly get     connection: 'keep-alive',
73 silly get     'x-served-by': 'cache-fra1231-FRA',
73 silly get     'x-cache': 'MISS',
73 silly get     'x-cache-hits': '0',
73 silly get     'x-timer': 'S1447240256.900230,VS0,VE182',
73 silly get     vary: 'Accept' } ]
74 verbose get saving node-restful to /home/ayoub/.npm/registry.npmjs.org/node-restful/.cache.json
75 silly addNameRange number 2 { name: 'node-restful', range: '*', hasData: true }
76 silly addNameRange versions [ 'node-restful',
76 silly addNameRange   [ '0.1.0',
76 silly addNameRange     '0.1.2',
76 silly addNameRange     '0.1.3',
76 silly addNameRange     '0.1.4',
76 silly addNameRange     '0.1.5',
76 silly addNameRange     '0.1.7',
76 silly addNameRange     '0.1.8',
76 silly addNameRange     '0.1.9',
76 silly addNameRange     '0.1.10',
76 silly addNameRange     '0.1.11',
76 silly addNameRange     '0.1.12',
76 silly addNameRange     '0.1.13',
76 silly addNameRange     '0.1.14',
76 silly addNameRange     '0.1.15',
76 silly addNameRange     '0.1.16',
76 silly addNameRange     '0.1.17',
76 silly addNameRange     '0.1.18',
76 silly addNameRange     '0.1.19',
76 silly addNameRange     '0.2.1',
76 silly addNameRange     '0.2.2' ] ]
77 silly addNamed node-restful@0.2.2
78 verbose addNamed "0.2.2" is a plain semver version for node-restful
79 silly mapToRegistry name node-restful
80 silly mapToRegistry using default registry
81 silly mapToRegistry registry https://registry.npmjs.org/
82 silly mapToRegistry uri https://registry.npmjs.org/node-restful
83 verbose addRemoteTarball https://registry.npmjs.org/node-restful/-/node-restful-0.2.2.tgz not in flight; adding
84 verbose addRemoteTarball [ 'https://registry.npmjs.org/node-restful/-/node-restful-0.2.2.tgz',
84 verbose addRemoteTarball   '5a375997e2e027e62a5c0afd460736d5eeefa9fd' ]
85 info retry fetch attempt 1 at 11:10:56
86 info attempt registry request try #1 at 11:10:56
87 http fetch GET https://registry.npmjs.org/node-restful/-/node-restful-0.2.2.tgz
88 http fetch 200 https://registry.npmjs.org/node-restful/-/node-restful-0.2.2.tgz
89 silly fetchAndShaCheck shasum 5a375997e2e027e62a5c0afd460736d5eeefa9fd
90 verbose addTmpTarball /tmp/npm-2508-f38519fd/registry.npmjs.org/node-restful/-/node-restful-0.2.2.tgz not in flight; adding
91 verbose addTmpTarball already have metadata; skipping unpack for node-restful@0.2.2
92 silly cache afterAdd node-restful@0.2.2
93 verbose afterAdd /home/ayoub/.npm/node-restful/0.2.2/package/package.json not in flight; writing
94 verbose afterAdd /home/ayoub/.npm/node-restful/0.2.2/package/package.json written
95 silly install resolved [ { name: 'node-restful',
95 silly install resolved     description: 'A library for making REST API\'s in node.js with express',
95 silly install resolved     version: '0.2.2',
95 silly install resolved     peerDependencies: { mongoose: '~4' },
95 silly install resolved     devDependencies:
95 silly install resolved      { express: '4.12.4',
95 silly install resolved        'body-parser': '1.12.4',
95 silly install resolved        'method-override': '2.3.3',
95 silly install resolved        mongodb: '2.0.33',
95 silly install resolved        jade: '1.11.0',
95 silly install resolved        mocha: '2.2.5',
95 silly install resolved        mongoose: '~4',
95 silly install resolved        should: '6.0.3',
95 silly install resolved        supertest: '1.0.1',
95 silly install resolved        sinon: '1.15.3',
95 silly install resolved        'pow-mongodb-fixtures': 'git+https://github.com/riyadhalnur/pow-mongodb-fixtures.git#upgrade-mongodb-drivers',
95 silly install resolved        morgan: '1.5.3' },
95 silly install resolved     keywords: [ 'node-restful', 'restful', 'framework', 'rest', 'api' ],
95 silly install resolved     scripts: { test: 'make test' },
95 silly install resolved     repository: { type: 'git', url: 'git://github.com/baugarten/node-restful' },
95 silly install resolved     main: 'index.js',
95 silly install resolved     dependencies: { underscore: '1.8.3' },
95 silly install resolved     gitHead: '0bc6534df03cbfd18fc2366f27e44b5736c553dc',
95 silly install resolved     bugs: { url: 'https://github.com/baugarten/node-restful/issues' },
95 silly install resolved     homepage: 'https://github.com/baugarten/node-restful',
95 silly install resolved     _id: 'node-restful@0.2.2',
95 silly install resolved     _shasum: '5a375997e2e027e62a5c0afd460736d5eeefa9fd',
95 silly install resolved     _from: 'node-restful@*',
95 silly install resolved     _npmVersion: '1.4.16',
95 silly install resolved     _npmUser: { name: 'baugarten', email: 'baugarten@gmail.com' },
95 silly install resolved     maintainers: [ [Object] ],
95 silly install resolved     dist:
95 silly install resolved      { shasum: '5a375997e2e027e62a5c0afd460736d5eeefa9fd',
95 silly install resolved        tarball: 'http://registry.npmjs.org/node-restful/-/node-restful-0.2.2.tgz' },
95 silly install resolved     directories: {},
95 silly install resolved     _resolved: 'https://registry.npmjs.org/node-restful/-/node-restful-0.2.2.tgz' } ]
96 info install node-restful@0.2.2 into /home/ayoub/africannonce
97 info installOne node-restful@0.2.2
98 verbose installOne of node-restful to /home/ayoub/africannonce not in flight; installing
99 verbose lock using /home/ayoub/.npm/_locks/node-restful-abad71c23ede3496.lock for /home/ayoub/africannonce/node_modules/node-restful
100 silly install write writing node-restful 0.2.2 to /home/ayoub/africannonce/node_modules/node-restful
101 verbose unbuild node_modules/node-restful
102 silly gentlyRm /home/ayoub/africannonce/node_modules/node-restful is being purged from base /home/ayoub/africannonce
103 verbose gentlyRm don't care about contents; nuking /home/ayoub/africannonce/node_modules/node-restful
104 verbose tar unpack /home/ayoub/.npm/node-restful/0.2.2/package.tgz
105 verbose tar unpacking to /home/ayoub/africannonce/node_modules/node-restful
106 silly gentlyRm /home/ayoub/africannonce/node_modules/node-restful is being purged
107 verbose gentlyRm don't care about contents; nuking /home/ayoub/africannonce/node_modules/node-restful
108 silly gunzTarPerm modes [ '775', '664' ]
109 silly gunzTarPerm extractEntry package.json
110 silly gunzTarPerm modified mode [ 'package.json', 420, 436 ]
111 silly gunzTarPerm extractEntry .npmignore
112 silly gunzTarPerm extractEntry README.md
113 silly gunzTarPerm modified mode [ 'README.md', 420, 436 ]
114 silly gunzTarPerm extractEntry index.js
115 silly gunzTarPerm extractEntry .travis.yml
116 silly gunzTarPerm modified mode [ '.travis.yml', 420, 436 ]
117 silly gunzTarPerm extractEntry Makefile
118 silly gunzTarPerm extractEntry examples/notes.js
119 silly gunzTarPerm modified mode [ 'examples/notes.js', 420, 436 ]
120 silly gunzTarPerm extractEntry examples/movies/index.js
121 silly gunzTarPerm modified mode [ 'examples/movies/index.js', 420, 436 ]
122 silly gunzTarPerm extractEntry examples/notes/index.js
123 silly gunzTarPerm modified mode [ 'examples/notes/index.js', 420, 436 ]
124 silly gunzTarPerm extractEntry examples/notes/models/index.js
125 silly gunzTarPerm extractEntry examples/notes/models/note.js
126 silly gunzTarPerm extractEntry examples/notes/models/user.js
127 silly gunzTarPerm extractEntry examples/notes/routes/user.js
128 silly gunzTarPerm extractEntry lib/handlers.js
129 silly gunzTarPerm modified mode [ 'lib/handlers.js', 420, 436 ]
130 silly gunzTarPerm extractEntry lib/model.js
131 silly gunzTarPerm modified mode [ 'lib/model.js', 420, 436 ]
132 silly gunzTarPerm extractEntry lib/restful.js
133 silly gunzTarPerm extractEntry test/model.chainable.js
134 silly gunzTarPerm modified mode [ 'test/model.chainable.js', 420, 436 ]
135 silly gunzTarPerm extractEntry test/model.excludes.js
136 silly gunzTarPerm extractEntry test/model.filters.js
137 silly gunzTarPerm modified mode [ 'test/model.filters.js', 420, 436 ]
138 silly gunzTarPerm extractEntry test/model.handle.js
139 silly gunzTarPerm extractEntry test/model.hooks.js
140 silly gunzTarPerm modified mode [ 'test/model.hooks.js', 420, 436 ]
141 silly gunzTarPerm extractEntry test/model.js
142 silly gunzTarPerm modified mode [ 'test/model.js', 420, 436 ]
143 silly gunzTarPerm extractEntry test/model.template.js
144 silly gunzTarPerm extractEntry test/fixtures/config.js
145 silly gunzTarPerm modified mode [ 'test/fixtures/config.js', 420, 436 ]
146 silly gunzTarPerm extractEntry test/fixtures/data.js
147 silly gunzTarPerm modified mode [ 'test/fixtures/data.js', 420, 436 ]
148 silly gunzTarPerm extractEntry test/fixtures/movies/index.jade
149 silly gunzTarPerm extractEntry test/fixtures/movies/show.jade
150 verbose write writing to /home/ayoub/africannonce/node_modules/node-restful/package.json
151 info preinstall node-restful@0.2.2
152 verbose readDependencies loading dependencies from /home/ayoub/africannonce/node_modules/node-restful/package.json
153 silly prepareForInstallMany adding underscore@1.8.3 from node-restful dependencies
154 silly prepareForInstallMany adding mongoose@~4 from node-restful peerDependencies
155 warn peerDependencies The peer dependency mongoose@~4 included from node-restful will no
156 warn peerDependencies longer be automatically installed to fulfill the peerDependency
157 warn peerDependencies in npm 3+. Your application will need to depend on it explicitly.
158 verbose readDependencies loading dependencies from /home/ayoub/africannonce/node_modules/node-restful/package.json
159 silly cache add args [ 'underscore@1.8.3', null ]
160 verbose cache add spec underscore@1.8.3
161 silly cache add parsed spec Result {
161 silly cache add   raw: 'underscore@1.8.3',
161 silly cache add   scope: null,
161 silly cache add   name: 'underscore',
161 silly cache add   rawSpec: '1.8.3',
161 silly cache add   spec: '1.8.3',
161 silly cache add   type: 'version' }
162 silly addNamed underscore@1.8.3
163 verbose addNamed "1.8.3" is a plain semver version for underscore
164 silly mapToRegistry name underscore
165 silly mapToRegistry using default registry
166 silly mapToRegistry registry https://registry.npmjs.org/
167 silly mapToRegistry uri https://registry.npmjs.org/underscore
168 verbose addNameVersion registry:https://registry.npmjs.org/underscore not in flight; fetching
169 verbose request uri https://registry.npmjs.org/underscore
170 verbose request no auth needed
171 info attempt registry request try #1 at 11:11:02
172 verbose etag "15QWDUBYM1GUO4SRI1QXB0MLX"
173 http request GET https://registry.npmjs.org/underscore
174 http 200 https://registry.npmjs.org/underscore
175 silly get cb [ 200,
175 silly get   { server: 'CouchDB/1.5.0 (Erlang OTP/R16B03)',
175 silly get     etag: '"4C92XPGU8KSZ6L4178XC1DRW7"',
175 silly get     'content-type': 'application/json',
175 silly get     'cache-control': 'max-age=60',
175 silly get     'content-length': '41623',
175 silly get     'accept-ranges': 'bytes',
175 silly get     date: 'Wed, 11 Nov 2015 11:11:18 GMT',
175 silly get     via: '1.1 varnish',
175 silly get     age: '33',
175 silly get     connection: 'keep-alive',
175 silly get     'x-served-by': 'cache-fra1220-FRA',
175 silly get     'x-cache': 'HIT',
175 silly get     'x-cache-hits': '3',
175 silly get     'x-timer': 'S1447240278.111160,VS0,VE0',
175 silly get     vary: 'Accept' } ]
176 verbose get saving underscore to /home/ayoub/.npm/registry.npmjs.org/underscore/.cache.json
177 silly mapToRegistry name underscore
178 silly mapToRegistry using default registry
179 silly mapToRegistry registry https://registry.npmjs.org/
180 silly mapToRegistry uri https://registry.npmjs.org/underscore
181 verbose addRemoteTarball https://registry.npmjs.org/underscore/-/underscore-1.8.3.tgz not in flight; adding
182 verbose addRemoteTarball [ 'https://registry.npmjs.org/underscore/-/underscore-1.8.3.tgz',
182 verbose addRemoteTarball   '4f3fb53b106e6097fcf9cb4109f2a5e9bdfa5022' ]
183 info retry fetch attempt 1 at 11:11:17
184 info attempt registry request try #1 at 11:11:17
185 http fetch GET https://registry.npmjs.org/underscore/-/underscore-1.8.3.tgz
186 http fetch 200 https://registry.npmjs.org/underscore/-/underscore-1.8.3.tgz
187 silly fetchAndShaCheck shasum 4f3fb53b106e6097fcf9cb4109f2a5e9bdfa5022
188 verbose addTmpTarball /tmp/npm-2508-f38519fd/registry.npmjs.org/underscore/-/underscore-1.8.3.tgz not in flight; adding
189 verbose addTmpTarball already have metadata; skipping unpack for underscore@1.8.3
190 silly cache afterAdd underscore@1.8.3
191 verbose afterAdd /home/ayoub/.npm/underscore/1.8.3/package/package.json not in flight; writing
192 verbose afterAdd /home/ayoub/.npm/underscore/1.8.3/package/package.json written
193 silly install resolved [ { name: 'underscore',
193 silly install resolved     description: 'JavaScript\'s functional programming helper library.',
193 silly install resolved     homepage: 'http://underscorejs.org',
193 silly install resolved     keywords: [ 'util', 'functional', 'server', 'client', 'browser' ],
193 silly install resolved     author: { name: 'Jeremy Ashkenas', email: 'jeremy@documentcloud.org' },
193 silly install resolved     repository:
193 silly install resolved      { type: 'git',
193 silly install resolved        url: 'git://github.com/jashkenas/underscore.git' },
193 silly install resolved     main: 'underscore.js',
193 silly install resolved     version: '1.8.3',
193 silly install resolved     devDependencies:
193 silly install resolved      { docco: '*',
193 silly install resolved        eslint: '0.6.x',
193 silly install resolved        karma: '~0.12.31',
193 silly install resolved        'karma-qunit': '~0.1.4',
193 silly install resolved        'qunit-cli': '~0.2.0',
193 silly install resolved        'uglify-js': '2.4.x' },
193 silly install resolved     scripts:
193 silly install resolved      { test: 'npm run test-node && npm run lint',
193 silly install resolved        lint: 'eslint underscore.js test/*.js',
193 silly install resolved        'test-node': 'qunit-cli test/*.js',
193 silly install resolved        'test-browser': 'npm i karma-phantomjs-launcher && ./node_modules/karma/bin/karma start',
193 silly install resolved        build: 'uglifyjs underscore.js -c "evaluate=false" --comments "/    .*/" -m --source-map underscore-min.map -o underscore-min.js',
193 silly install resolved        doc: 'docco underscore.js' },
193 silly install resolved     license: 'MIT',
193 silly install resolved     files:
193 silly install resolved      [ 'underscore.js',
193 silly install resolved        'underscore-min.js',
193 silly install resolved        'underscore-min.map',
193 silly install resolved        'LICENSE' ],
193 silly install resolved     gitHead: 'e4743ab712b8ab42ad4ccb48b155034d02394e4d',
193 silly install resolved     bugs: { url: 'https://github.com/jashkenas/underscore/issues' },
193 silly install resolved     _id: 'underscore@1.8.3',
193 silly install resolved     _shasum: '4f3fb53b106e6097fcf9cb4109f2a5e9bdfa5022',
193 silly install resolved     _from: 'underscore@1.8.3',
193 silly install resolved     _npmVersion: '1.4.28',
193 silly install resolved     _npmUser: { name: 'jashkenas', email: 'jashkenas@gmail.com' },
193 silly install resolved     maintainers: [ [Object] ],
193 silly install resolved     dist:
193 silly install resolved      { shasum: '4f3fb53b106e6097fcf9cb4109f2a5e9bdfa5022',
193 silly install resolved        tarball: 'http://registry.npmjs.org/underscore/-/underscore-1.8.3.tgz' },
193 silly install resolved     directories: {},
193 silly install resolved     _resolved: 'https://registry.npmjs.org/underscore/-/underscore-1.8.3.tgz' } ]
194 info install underscore@1.8.3 into /home/ayoub/africannonce/node_modules/node-restful
195 info installOne underscore@1.8.3
196 verbose installOne of underscore to /home/ayoub/africannonce/node_modules/node-restful not in flight; installing
197 verbose lock using /home/ayoub/.npm/_locks/underscore-636280e171cfbc4e.lock for /home/ayoub/africannonce/node_modules/node-restful/node_modules/underscore
198 silly install write writing underscore 1.8.3 to /home/ayoub/africannonce/node_modules/node-restful/node_modules/underscore
199 verbose unbuild node_modules/node-restful/node_modules/underscore
200 silly gentlyRm /home/ayoub/africannonce/node_modules/node-restful/node_modules/underscore is being purged from base /home/ayoub/africannonce
201 verbose gentlyRm don't care about contents; nuking /home/ayoub/africannonce/node_modules/node-restful/node_modules/underscore
202 verbose tar unpack /home/ayoub/.npm/underscore/1.8.3/package.tgz
203 verbose tar unpacking to /home/ayoub/africannonce/node_modules/node-restful/node_modules/underscore
204 silly gentlyRm /home/ayoub/africannonce/node_modules/node-restful/node_modules/underscore is being purged
205 verbose gentlyRm don't care about contents; nuking /home/ayoub/africannonce/node_modules/node-restful/node_modules/underscore
206 silly gunzTarPerm modes [ '775', '664' ]
207 silly gunzTarPerm extractEntry package.json
208 silly gunzTarPerm modified mode [ 'package.json', 420, 436 ]
209 silly gunzTarPerm extractEntry README.md
210 silly gunzTarPerm modified mode [ 'README.md', 420, 436 ]
211 silly gunzTarPerm extractEntry LICENSE
212 silly gunzTarPerm modified mode [ 'LICENSE', 420, 436 ]
213 silly gunzTarPerm extractEntry underscore.js
214 silly gunzTarPerm modified mode [ 'underscore.js', 420, 436 ]
215 silly gunzTarPerm extractEntry underscore-min.js
216 silly gunzTarPerm modified mode [ 'underscore-min.js', 420, 436 ]
217 silly gunzTarPerm extractEntry underscore-min.map
218 silly gunzTarPerm modified mode [ 'underscore-min.map', 420, 436 ]
219 verbose write writing to /home/ayoub/africannonce/node_modules/node-restful/node_modules/underscore/package.json
220 info preinstall underscore@1.8.3
221 verbose readDependencies loading dependencies from /home/ayoub/africannonce/node_modules/node-restful/node_modules/underscore/package.json
222 verbose readDependencies loading dependencies from /home/ayoub/africannonce/node_modules/node-restful/node_modules/underscore/package.json
223 silly install resolved []
224 verbose about to build /home/ayoub/africannonce/node_modules/node-restful/node_modules/underscore
225 info build /home/ayoub/africannonce/node_modules/node-restful/node_modules/underscore
226 info linkStuff underscore@1.8.3
227 silly linkStuff underscore@1.8.3 has /home/ayoub/africannonce/node_modules/node-restful/node_modules as its parent node_modules
228 verbose linkBins underscore@1.8.3
229 verbose linkMans underscore@1.8.3
230 verbose rebuildBundles underscore@1.8.3
231 info install underscore@1.8.3
232 info postinstall underscore@1.8.3
233 verbose unlock done using /home/ayoub/.npm/_locks/underscore-636280e171cfbc4e.lock for /home/ayoub/africannonce/node_modules/node-restful/node_modules/underscore
234 verbose about to build /home/ayoub/africannonce/node_modules/node-restful
235 info build /home/ayoub/africannonce/node_modules/node-restful
236 info linkStuff node-restful@0.2.2
237 silly linkStuff node-restful@0.2.2 has /home/ayoub/africannonce/node_modules as its parent node_modules
238 verbose linkBins node-restful@0.2.2
239 verbose linkMans node-restful@0.2.2
240 verbose rebuildBundles node-restful@0.2.2
241 verbose rebuildBundles [ 'underscore' ]
242 info install node-restful@0.2.2
243 info postinstall node-restful@0.2.2
244 verbose readDependencies loading dependencies from /home/ayoub/africannonce/package.json
245 verbose targetResolver reading package data from /home/ayoub/africannonce/node_modules/async/package.json
246 verbose targetResolver reading package data from /home/ayoub/africannonce/node_modules/body-parser/package.json
247 verbose targetResolver reading package data from /home/ayoub/africannonce/node_modules/compression/package.json
248 verbose targetResolver reading package data from /home/ayoub/africannonce/node_modules/connect-busboy/package.json
249 verbose targetResolver reading package data from /home/ayoub/africannonce/node_modules/connect-flash/package.json
250 verbose targetResolver reading package data from /home/ayoub/africannonce/node_modules/connect-mongo/package.json
251 verbose targetResolver reading package data from /home/ayoub/africannonce/node_modules/cookie-parser/package.json
252 verbose targetResolver reading package data from /home/ayoub/africannonce/node_modules/ejs/package.json
253 verbose targetResolver reading package data from /home/ayoub/africannonce/node_modules/errorhandler/package.json
254 verbose targetResolver reading package data from /home/ayoub/africannonce/node_modules/express/package.json
255 verbose targetResolver reading package data from /home/ayoub/africannonce/node_modules/express-domain-middleware/package.json
256 verbose targetResolver reading package data from /home/ayoub/africannonce/node_modules/express-fileupload/package.json
257 verbose targetResolver reading package data from /home/ayoub/africannonce/node_modules/express-session/package.json
258 verbose targetResolver reading package data from /home/ayoub/africannonce/node_modules/express-validator/package.json
259 verbose targetResolver reading package data from /home/ayoub/africannonce/node_modules/fs/package.json
260 verbose targetResolver reading package data from /home/ayoub/africannonce/node_modules/helmet/package.json
261 verbose targetResolver reading package data from /home/ayoub/africannonce/node_modules/method-override/package.json
262 verbose targetResolver reading package data from /home/ayoub/africannonce/node_modules/mime/package.json
263 verbose targetResolver reading package data from /home/ayoub/africannonce/node_modules/mongoose/package.json
264 verbose targetResolver reading package data from /home/ayoub/africannonce/node_modules/morgan/package.json
265 verbose targetResolver reading package data from /home/ayoub/africannonce/node_modules/multer/package.json
266 verbose targetResolver reading package data from /home/ayoub/africannonce/node_modules/node-restful/package.json
267 verbose targetResolver reading package data from /home/ayoub/africannonce/node_modules/passport/package.json
268 verbose targetResolver reading package data from /home/ayoub/africannonce/node_modules/passport-facebook/package.json
269 verbose targetResolver reading package data from /home/ayoub/africannonce/node_modules/passport-google-oauth/package.json
270 verbose targetResolver reading package data from /home/ayoub/africannonce/node_modules/passport-local/package.json
271 verbose targetResolver reading package data from /home/ayoub/africannonce/node_modules/passport-twitter/package.json
272 verbose targetResolver reading package data from /home/ayoub/africannonce/node_modules/serve-index/package.json
273 verbose targetResolver reading package data from /home/ayoub/africannonce/node_modules/socket.io/package.json
274 verbose targetResolver reading package data from /home/ayoub/africannonce/node_modules/uid2/package.json
275 verbose targetResolver reading package data from /home/ayoub/africannonce/node_modules/.bin/mime/package.json
276 verbose already installed skipping mongoose@~4 /home/ayoub/africannonce
277 silly install resolved []
278 verbose unlock done using /home/ayoub/.npm/_locks/node-restful-abad71c23ede3496.lock for /home/ayoub/africannonce/node_modules/node-restful
279 verbose validateInstall loading /home/ayoub/africannonce/package.json for validation
280 verbose stack Error: The package mongoose@3.8.36 does not satisfy its siblings' peerDependencies requirements!
280 verbose stack     at /usr/local/lib/node_modules/npm/lib/install.js:125:32
280 verbose stack     at /usr/local/lib/node_modules/npm/lib/install.js:268:7
280 verbose stack     at /usr/local/lib/node_modules/npm/node_modules/read-installed/read-installed.js:142:5
280 verbose stack     at /usr/local/lib/node_modules/npm/node_modules/read-installed/read-installed.js:263:14
280 verbose stack     at cb (/usr/local/lib/node_modules/npm/node_modules/slide/lib/async-map.js:47:24)
280 verbose stack     at /usr/local/lib/node_modules/npm/node_modules/read-installed/read-installed.js:263:14
280 verbose stack     at cb (/usr/local/lib/node_modules/npm/node_modules/slide/lib/async-map.js:47:24)
280 verbose stack     at /usr/local/lib/node_modules/npm/node_modules/read-installed/read-installed.js:263:14
280 verbose stack     at cb (/usr/local/lib/node_modules/npm/node_modules/slide/lib/async-map.js:47:24)
280 verbose stack     at /usr/local/lib/node_modules/npm/node_modules/read-installed/read-installed.js:263:14
281 verbose cwd /home/ayoub/africannonce
282 error Linux 3.19.0-30-generic
283 error argv "/usr/local/bin/node" "/usr/local/bin/npm" "install" "node-restful" "--save"
284 error node v4.1.2
285 error npm  v2.14.4
286 error code EPEERINVALID
287 error peerinvalid The package mongoose@3.8.36 does not satisfy its siblings' peerDependencies requirements!
287 error peerinvalid Peer node-restful@0.2.2 wants mongoose@~4
288 verbose exit [ 1, true ]
